[2026-01-13T22:53:19.730+0000] {taskinstance.py:1157} INFO - Dependencies all met for dep_context=non-requeueable deps ti=<TaskInstance: elt_pipeline.extract_github_data manual__2026-01-13T22:53:17.250133+00:00 [queued]>
[2026-01-13T22:53:19.737+0000] {taskinstance.py:1157} INFO - Dependencies all met for dep_context=requeueable deps ti=<TaskInstance: elt_pipeline.extract_github_data manual__2026-01-13T22:53:17.250133+00:00 [queued]>
[2026-01-13T22:53:19.737+0000] {taskinstance.py:1359} INFO - Starting attempt 1 of 2
[2026-01-13T22:53:19.743+0000] {taskinstance.py:1380} INFO - Executing <Task(BashOperator): extract_github_data> on 2026-01-13 22:53:17.250133+00:00
[2026-01-13T22:53:19.748+0000] {standard_task_runner.py:57} INFO - Started process 210 to run task
[2026-01-13T22:53:19.756+0000] {standard_task_runner.py:84} INFO - Running: ['***', 'tasks', 'run', 'elt_pipeline', 'extract_github_data', 'manual__2026-01-13T22:53:17.250133+00:00', '--job-id', '3', '--raw', '--subdir', 'DAGS_FOLDER/elt_dag.py', '--cfg-path', '/tmp/tmpwjdtcxzg']
[2026-01-13T22:53:19.772+0000] {standard_task_runner.py:85} INFO - Job 3: Subtask extract_github_data
[2026-01-13T22:53:19.931+0000] {task_command.py:415} INFO - Running <TaskInstance: elt_pipeline.extract_github_data manual__2026-01-13T22:53:17.250133+00:00 [running]> on host 07de0157d9c2
[2026-01-13T22:53:20.038+0000] {taskinstance.py:1660} INFO - Exporting env vars: AIRFLOW_CTX_DAG_OWNER='***' AIRFLOW_CTX_DAG_ID='elt_pipeline' AIRFLOW_CTX_TASK_ID='extract_github_data' AIRFLOW_CTX_EXECUTION_DATE='2026-01-13T22:53:17.250133+00:00' AIRFLOW_CTX_TRY_NUMBER='1' AIRFLOW_CTX_DAG_RUN_ID='manual__2026-01-13T22:53:17.250133+00:00'
[2026-01-13T22:53:20.039+0000] {subprocess.py:63} INFO - Tmp dir root location: /tmp
[2026-01-13T22:53:20.039+0000] {subprocess.py:75} INFO - Running command: ['/bin/bash', '-c', 'cd /opt/*** && export $(cat .env | xargs) && python src/extract.py']
[2026-01-13T22:53:20.048+0000] {subprocess.py:86} INFO - Output:
[2026-01-13T22:53:23.714+0000] {subprocess.py:93} INFO - Fetching page 1...
[2026-01-13T22:53:23.720+0000] {subprocess.py:93} INFO - Fetching page 2...
[2026-01-13T22:53:23.721+0000] {subprocess.py:93} INFO - Fetching page 3...
[2026-01-13T22:53:23.721+0000] {subprocess.py:93} INFO - Fetching page 4...
[2026-01-13T22:53:23.721+0000] {subprocess.py:93} INFO - Fetching page 5...
[2026-01-13T22:53:23.722+0000] {subprocess.py:93} INFO - Success! Uploaded commits_20260113.json to S3.
[2026-01-13T22:53:23.784+0000] {subprocess.py:97} INFO - Command exited with return code 0
[2026-01-13T22:53:23.831+0000] {taskinstance.py:1398} INFO - Marking task as SUCCESS. dag_id=elt_pipeline, task_id=extract_github_data, execution_date=20260113T225317, start_date=20260113T225319, end_date=20260113T225323
[2026-01-13T22:53:23.865+0000] {local_task_job_runner.py:228} INFO - Task exited with return code 0
[2026-01-13T22:53:23.912+0000] {taskinstance.py:2776} INFO - 1 downstream tasks scheduled from follow-on schedule check
