[2026-01-13T22:41:34.248+0000] {manager.py:487} INFO - Processing files using up to 2 processes at a time 
[2026-01-13T22:41:34.250+0000] {manager.py:488} INFO - Process each file at most once every 30 seconds
[2026-01-13T22:41:34.250+0000] {manager.py:489} INFO - Checking for new files in /opt/airflow/dags every 300 seconds
[2026-01-13T22:41:34.250+0000] {manager.py:759} INFO - Searching for files in /opt/airflow/dags
[2026-01-13T22:41:34.254+0000] {manager.py:762} INFO - There are 0 files in /opt/airflow/dags
[2026-01-13T22:46:36.358+0000] {manager.py:759} INFO - Searching for files in /opt/airflow/dags
[2026-01-13T22:46:36.687+0000] {manager.py:762} INFO - There are 1 files in /opt/airflow/dags
[2026-01-13T22:46:39.763+0000] {manager.py:893} INFO - 
================================================================================
DAG File Processing Stats

File Path                       PID  Runtime      # DAGs    # Errors  Last Runtime    Last Run
----------------------------  -----  ---------  --------  ----------  --------------  ----------
/opt/airflow/dags/elt_dag.py    200  1.18s             0           0
================================================================================
[2026-01-13T22:47:10.466+0000] {manager.py:893} INFO - 
================================================================================
DAG File Processing Stats

File Path                     PID    Runtime      # DAGs    # Errors  Last Runtime    Last Run
----------------------------  -----  ---------  --------  ----------  --------------  -------------------
/opt/airflow/dags/elt_dag.py                           1           0  7.42s           2026-01-13T22:46:45
================================================================================
[2026-01-13T22:47:41.460+0000] {manager.py:893} INFO - 
================================================================================
DAG File Processing Stats

File Path                     PID    Runtime      # DAGs    # Errors  Last Runtime    Last Run
----------------------------  -----  ---------  --------  ----------  --------------  -------------------
/opt/airflow/dags/elt_dag.py                           1           0  2.46s           2026-01-13T22:47:18
================================================================================
[2026-01-13T22:48:12.076+0000] {manager.py:893} INFO - 
================================================================================
DAG File Processing Stats

File Path                     PID    Runtime      # DAGs    # Errors  Last Runtime    Last Run
----------------------------  -----  ---------  --------  ----------  --------------  -------------------
/opt/airflow/dags/elt_dag.py                           1           0  0.27s           2026-01-13T22:47:48
================================================================================
[2026-01-13T22:48:42.469+0000] {manager.py:893} INFO - 
================================================================================
DAG File Processing Stats

File Path                     PID    Runtime      # DAGs    # Errors  Last Runtime    Last Run
----------------------------  -----  ---------  --------  ----------  --------------  -------------------
/opt/airflow/dags/elt_dag.py                           1           0  0.24s           2026-01-13T22:48:19
================================================================================
[2026-01-13T22:49:12.989+0000] {manager.py:893} INFO - 
================================================================================
DAG File Processing Stats

File Path                     PID    Runtime      # DAGs    # Errors  Last Runtime    Last Run
----------------------------  -----  ---------  --------  ----------  --------------  -------------------
/opt/airflow/dags/elt_dag.py                           1           0  0.23s           2026-01-13T22:48:49
================================================================================
[2026-01-13T22:49:43.477+0000] {manager.py:893} INFO - 
================================================================================
DAG File Processing Stats

File Path                     PID    Runtime      # DAGs    # Errors  Last Runtime    Last Run
----------------------------  -----  ---------  --------  ----------  --------------  -------------------
/opt/airflow/dags/elt_dag.py                           1           0  0.17s           2026-01-13T22:49:20
================================================================================
[2026-01-13T22:50:14.161+0000] {manager.py:893} INFO - 
================================================================================
DAG File Processing Stats

File Path                     PID    Runtime      # DAGs    # Errors  Last Runtime    Last Run
----------------------------  -----  ---------  --------  ----------  --------------  -------------------
/opt/airflow/dags/elt_dag.py                           1           0  0.22s           2026-01-13T22:49:50
================================================================================
[2026-01-13T22:50:44.803+0000] {manager.py:893} INFO - 
================================================================================
DAG File Processing Stats

File Path                     PID    Runtime      # DAGs    # Errors  Last Runtime    Last Run
----------------------------  -----  ---------  --------  ----------  --------------  -------------------
/opt/airflow/dags/elt_dag.py                           1           0  0.19s           2026-01-13T22:50:21
================================================================================
[2026-01-13T22:51:15.355+0000] {manager.py:893} INFO - 
================================================================================
DAG File Processing Stats

File Path                     PID    Runtime      # DAGs    # Errors  Last Runtime    Last Run
----------------------------  -----  ---------  --------  ----------  --------------  -------------------
/opt/airflow/dags/elt_dag.py                           1           0  0.16s           2026-01-13T22:50:52
================================================================================
[2026-01-13T22:51:36.811+0000] {manager.py:759} INFO - Searching for files in /opt/airflow/dags
[2026-01-13T22:51:36.821+0000] {manager.py:762} INFO - There are 1 files in /opt/airflow/dags
[2026-01-13T22:51:46.000+0000] {manager.py:893} INFO - 
================================================================================
DAG File Processing Stats

File Path                     PID    Runtime      # DAGs    # Errors  Last Runtime    Last Run
----------------------------  -----  ---------  --------  ----------  --------------  -------------------
/opt/airflow/dags/elt_dag.py                           1           0  0.23s           2026-01-13T22:51:22
================================================================================
[2026-01-13T22:52:30.654+0000] {manager.py:487} INFO - Processing files using up to 2 processes at a time 
[2026-01-13T22:52:30.654+0000] {manager.py:488} INFO - Process each file at most once every 30 seconds
[2026-01-13T22:52:30.657+0000] {manager.py:489} INFO - Checking for new files in /opt/airflow/dags every 300 seconds
[2026-01-13T22:52:30.658+0000] {manager.py:759} INFO - Searching for files in /opt/airflow/dags
[2026-01-13T22:52:30.662+0000] {manager.py:762} INFO - There are 1 files in /opt/airflow/dags
[2026-01-13T22:52:30.768+0000] {manager.py:893} INFO - 
================================================================================
DAG File Processing Stats

File Path                       PID  Runtime      # DAGs    # Errors  Last Runtime    Last Run
----------------------------  -----  ---------  --------  ----------  --------------  ----------
/opt/airflow/dags/elt_dag.py    170  0.07s             0           0
================================================================================
[2026-01-13T22:53:01.071+0000] {manager.py:893} INFO - 
================================================================================
DAG File Processing Stats

File Path                       PID  Runtime      # DAGs    # Errors  Last Runtime    Last Run
----------------------------  -----  ---------  --------  ----------  --------------  -------------------
/opt/airflow/dags/elt_dag.py    203  0.02s             1           0  0.15s           2026-01-13T22:52:30
================================================================================
[2026-01-13T22:53:31.620+0000] {manager.py:893} INFO - 
================================================================================
DAG File Processing Stats

File Path                       PID  Runtime      # DAGs    # Errors  Last Runtime    Last Run
----------------------------  -----  ---------  --------  ----------  --------------  -------------------
/opt/airflow/dags/elt_dag.py    268  0.03s             1           0  0.37s           2026-01-13T22:53:01
================================================================================
[2026-01-13T22:54:02.085+0000] {manager.py:893} INFO - 
================================================================================
DAG File Processing Stats

File Path                     PID    Runtime      # DAGs    # Errors  Last Runtime    Last Run
----------------------------  -----  ---------  --------  ----------  --------------  -------------------
/opt/airflow/dags/elt_dag.py                           1           0  0.52s           2026-01-13T22:53:32
================================================================================
[2026-01-13T22:54:32.502+0000] {manager.py:893} INFO - 
================================================================================
DAG File Processing Stats

File Path                     PID    Runtime      # DAGs    # Errors  Last Runtime    Last Run
----------------------------  -----  ---------  --------  ----------  --------------  -------------------
/opt/airflow/dags/elt_dag.py                           1           0  0.66s           2026-01-13T22:54:03
================================================================================
[2026-01-13T22:55:02.970+0000] {manager.py:893} INFO - 
================================================================================
DAG File Processing Stats

File Path                     PID    Runtime      # DAGs    # Errors  Last Runtime    Last Run
----------------------------  -----  ---------  --------  ----------  --------------  -------------------
/opt/airflow/dags/elt_dag.py                           1           0  0.20s           2026-01-13T22:54:33
================================================================================
[2026-01-13T22:55:33.655+0000] {manager.py:893} INFO - 
================================================================================
DAG File Processing Stats

File Path                     PID    Runtime      # DAGs    # Errors  Last Runtime    Last Run
----------------------------  -----  ---------  --------  ----------  --------------  -------------------
/opt/airflow/dags/elt_dag.py                           1           0  0.18s           2026-01-13T22:55:04
================================================================================
[2026-01-13T22:56:04.068+0000] {manager.py:893} INFO - 
================================================================================
DAG File Processing Stats

File Path                     PID    Runtime      # DAGs    # Errors  Last Runtime    Last Run
----------------------------  -----  ---------  --------  ----------  --------------  -------------------
/opt/airflow/dags/elt_dag.py                           1           0  0.89s           2026-01-13T22:55:35
================================================================================
[2026-01-13T22:56:34.582+0000] {manager.py:893} INFO - 
================================================================================
DAG File Processing Stats

File Path                     PID    Runtime      # DAGs    # Errors  Last Runtime    Last Run
----------------------------  -----  ---------  --------  ----------  --------------  -------------------
/opt/airflow/dags/elt_dag.py                           1           0  0.50s           2026-01-13T22:56:06
================================================================================
[2026-01-13T22:57:04.849+0000] {manager.py:893} INFO - 
================================================================================
DAG File Processing Stats

File Path                     PID    Runtime      # DAGs    # Errors  Last Runtime    Last Run
----------------------------  -----  ---------  --------  ----------  --------------  -------------------
/opt/airflow/dags/elt_dag.py                           1           0  1.57s           2026-01-13T22:56:38
================================================================================
[2026-01-13T22:57:31.472+0000] {manager.py:759} INFO - Searching for files in /opt/airflow/dags
[2026-01-13T22:57:31.483+0000] {manager.py:762} INFO - There are 1 files in /opt/airflow/dags
[2026-01-13T22:57:35.554+0000] {manager.py:893} INFO - 
================================================================================
DAG File Processing Stats

File Path                     PID    Runtime      # DAGs    # Errors  Last Runtime    Last Run
----------------------------  -----  ---------  --------  ----------  --------------  -------------------
/opt/airflow/dags/elt_dag.py                           1           0  0.42s           2026-01-13T22:57:09
================================================================================
[2026-01-13T22:58:05.990+0000] {manager.py:893} INFO - 
================================================================================
DAG File Processing Stats

File Path                     PID    Runtime      # DAGs    # Errors  Last Runtime    Last Run
----------------------------  -----  ---------  --------  ----------  --------------  -------------------
/opt/airflow/dags/elt_dag.py                           1           0  0.16s           2026-01-13T22:57:39
================================================================================
[2026-01-13T22:58:36.438+0000] {manager.py:893} INFO - 
================================================================================
DAG File Processing Stats

File Path                     PID    Runtime      # DAGs    # Errors  Last Runtime    Last Run
----------------------------  -----  ---------  --------  ----------  --------------  -------------------
/opt/airflow/dags/elt_dag.py                           1           0  0.16s           2026-01-13T22:58:10
================================================================================
[2026-01-13T22:59:06.896+0000] {manager.py:893} INFO - 
================================================================================
DAG File Processing Stats

File Path                     PID    Runtime      # DAGs    # Errors  Last Runtime    Last Run
----------------------------  -----  ---------  --------  ----------  --------------  -------------------
/opt/airflow/dags/elt_dag.py                           1           0  0.19s           2026-01-13T22:58:40
================================================================================
[2026-01-13T22:59:37.501+0000] {manager.py:893} INFO - 
================================================================================
DAG File Processing Stats

File Path                     PID    Runtime      # DAGs    # Errors  Last Runtime    Last Run
----------------------------  -----  ---------  --------  ----------  --------------  -------------------
/opt/airflow/dags/elt_dag.py                           1           0  0.34s           2026-01-13T22:59:11
================================================================================
[2026-01-13T23:00:08.112+0000] {manager.py:893} INFO - 
================================================================================
DAG File Processing Stats

File Path                     PID    Runtime      # DAGs    # Errors  Last Runtime    Last Run
----------------------------  -----  ---------  --------  ----------  --------------  -------------------
/opt/airflow/dags/elt_dag.py                           1           0  0.22s           2026-01-13T22:59:41
================================================================================
[2026-01-13T23:00:38.789+0000] {manager.py:893} INFO - 
================================================================================
DAG File Processing Stats

File Path                     PID    Runtime      # DAGs    # Errors  Last Runtime    Last Run
----------------------------  -----  ---------  --------  ----------  --------------  -------------------
/opt/airflow/dags/elt_dag.py                           1           0  1.07s           2026-01-13T23:00:13
================================================================================
[2026-01-13T23:01:09.446+0000] {manager.py:893} INFO - 
================================================================================
DAG File Processing Stats

File Path                     PID    Runtime      # DAGs    # Errors  Last Runtime    Last Run
----------------------------  -----  ---------  --------  ----------  --------------  -------------------
/opt/airflow/dags/elt_dag.py                           1           0  0.22s           2026-01-13T23:00:44
================================================================================
[2026-01-13T23:01:39.925+0000] {manager.py:893} INFO - 
================================================================================
DAG File Processing Stats

File Path                     PID    Runtime      # DAGs    # Errors  Last Runtime    Last Run
----------------------------  -----  ---------  --------  ----------  --------------  -------------------
/opt/airflow/dags/elt_dag.py                           1           0  0.18s           2026-01-13T23:01:14
================================================================================
[2026-01-13T23:02:10.377+0000] {manager.py:893} INFO - 
================================================================================
DAG File Processing Stats

File Path                     PID    Runtime      # DAGs    # Errors  Last Runtime    Last Run
----------------------------  -----  ---------  --------  ----------  --------------  -------------------
/opt/airflow/dags/elt_dag.py                           1           0  0.18s           2026-01-13T23:01:45
================================================================================
[2026-01-13T23:02:31.718+0000] {manager.py:759} INFO - Searching for files in /opt/airflow/dags
[2026-01-13T23:02:31.736+0000] {manager.py:762} INFO - There are 1 files in /opt/airflow/dags
[2026-01-13T23:02:40.895+0000] {manager.py:893} INFO - 
================================================================================
DAG File Processing Stats

File Path                     PID    Runtime      # DAGs    # Errors  Last Runtime    Last Run
----------------------------  -----  ---------  --------  ----------  --------------  -------------------
/opt/airflow/dags/elt_dag.py                           1           0  0.16s           2026-01-13T23:02:15
================================================================================
[2026-01-13T23:03:11.329+0000] {manager.py:893} INFO - 
================================================================================
DAG File Processing Stats

File Path                     PID    Runtime      # DAGs    # Errors  Last Runtime    Last Run
----------------------------  -----  ---------  --------  ----------  --------------  -------------------
/opt/airflow/dags/elt_dag.py                           1           0  0.20s           2026-01-13T23:02:46
================================================================================
[2026-01-13T23:03:41.771+0000] {manager.py:893} INFO - 
================================================================================
DAG File Processing Stats

File Path                     PID    Runtime      # DAGs    # Errors  Last Runtime    Last Run
----------------------------  -----  ---------  --------  ----------  --------------  -------------------
/opt/airflow/dags/elt_dag.py                           1           0  0.14s           2026-01-13T23:03:16
================================================================================
[2026-01-13T23:04:12.307+0000] {manager.py:893} INFO - 
================================================================================
DAG File Processing Stats

File Path                     PID    Runtime      # DAGs    # Errors  Last Runtime    Last Run
----------------------------  -----  ---------  --------  ----------  --------------  -------------------
/opt/airflow/dags/elt_dag.py                           1           0  0.18s           2026-01-13T23:03:47
================================================================================
[2026-01-13T23:04:42.799+0000] {manager.py:893} INFO - 
================================================================================
DAG File Processing Stats

File Path                     PID    Runtime      # DAGs    # Errors  Last Runtime    Last Run
----------------------------  -----  ---------  --------  ----------  --------------  -------------------
/opt/airflow/dags/elt_dag.py                           1           0  0.21s           2026-01-13T23:04:17
================================================================================
[2026-01-13T23:05:13.267+0000] {manager.py:893} INFO - 
================================================================================
DAG File Processing Stats

File Path                     PID    Runtime      # DAGs    # Errors  Last Runtime    Last Run
----------------------------  -----  ---------  --------  ----------  --------------  -------------------
/opt/airflow/dags/elt_dag.py                           1           0  0.15s           2026-01-13T23:04:48
================================================================================
[2026-01-13T23:05:43.649+0000] {manager.py:893} INFO - 
================================================================================
DAG File Processing Stats

File Path                     PID    Runtime      # DAGs    # Errors  Last Runtime    Last Run
----------------------------  -----  ---------  --------  ----------  --------------  -------------------
/opt/airflow/dags/elt_dag.py                           1           0  0.15s           2026-01-13T23:05:18
================================================================================
[2026-01-13T23:06:14.026+0000] {manager.py:893} INFO - 
================================================================================
DAG File Processing Stats

File Path                     PID    Runtime      # DAGs    # Errors  Last Runtime    Last Run
----------------------------  -----  ---------  --------  ----------  --------------  -------------------
/opt/airflow/dags/elt_dag.py                           1           0  0.15s           2026-01-13T23:05:48
================================================================================
[2026-01-13T23:06:44.573+0000] {manager.py:893} INFO - 
================================================================================
DAG File Processing Stats

File Path                     PID    Runtime      # DAGs    # Errors  Last Runtime    Last Run
----------------------------  -----  ---------  --------  ----------  --------------  -------------------
/opt/airflow/dags/elt_dag.py                           1           0  0.15s           2026-01-13T23:06:19
================================================================================
[2026-01-13T23:07:15.033+0000] {manager.py:893} INFO - 
================================================================================
DAG File Processing Stats

File Path                     PID    Runtime      # DAGs    # Errors  Last Runtime    Last Run
----------------------------  -----  ---------  --------  ----------  --------------  -------------------
/opt/airflow/dags/elt_dag.py                           1           0  0.16s           2026-01-13T23:06:49
================================================================================
[2026-01-13T23:07:32.376+0000] {manager.py:759} INFO - Searching for files in /opt/airflow/dags
[2026-01-13T23:07:32.388+0000] {manager.py:762} INFO - There are 1 files in /opt/airflow/dags
[2026-01-13T23:07:45.611+0000] {manager.py:893} INFO - 
================================================================================
DAG File Processing Stats

File Path                     PID    Runtime      # DAGs    # Errors  Last Runtime    Last Run
----------------------------  -----  ---------  --------  ----------  --------------  -------------------
/opt/airflow/dags/elt_dag.py                           1           0  0.18s           2026-01-13T23:07:20
================================================================================
[2026-01-13T23:08:16.079+0000] {manager.py:893} INFO - 
================================================================================
DAG File Processing Stats

File Path                     PID    Runtime      # DAGs    # Errors  Last Runtime    Last Run
----------------------------  -----  ---------  --------  ----------  --------------  -------------------
/opt/airflow/dags/elt_dag.py                           1           0  0.23s           2026-01-13T23:07:50
================================================================================
[2026-01-13T23:08:46.587+0000] {manager.py:893} INFO - 
================================================================================
DAG File Processing Stats

File Path                     PID    Runtime      # DAGs    # Errors  Last Runtime    Last Run
----------------------------  -----  ---------  --------  ----------  --------------  -------------------
/opt/airflow/dags/elt_dag.py                           1           0  0.17s           2026-01-13T23:08:21
================================================================================
[2026-01-13T23:09:17.051+0000] {manager.py:893} INFO - 
================================================================================
DAG File Processing Stats

File Path                     PID    Runtime      # DAGs    # Errors  Last Runtime    Last Run
----------------------------  -----  ---------  --------  ----------  --------------  -------------------
/opt/airflow/dags/elt_dag.py                           1           0  0.19s           2026-01-13T23:08:51
================================================================================
[2026-01-13T23:09:47.788+0000] {manager.py:893} INFO - 
================================================================================
DAG File Processing Stats

File Path                     PID    Runtime      # DAGs    # Errors  Last Runtime    Last Run
----------------------------  -----  ---------  --------  ----------  --------------  -------------------
/opt/airflow/dags/elt_dag.py                           1           0  0.25s           2026-01-13T23:09:22
================================================================================
[2026-01-13T23:10:18.268+0000] {manager.py:893} INFO - 
================================================================================
DAG File Processing Stats

File Path                     PID    Runtime      # DAGs    # Errors  Last Runtime    Last Run
----------------------------  -----  ---------  --------  ----------  --------------  -------------------
/opt/airflow/dags/elt_dag.py                           1           0  0.16s           2026-01-13T23:09:53
================================================================================
[2026-01-13T23:10:48.728+0000] {manager.py:893} INFO - 
================================================================================
DAG File Processing Stats

File Path                     PID    Runtime      # DAGs    # Errors  Last Runtime    Last Run
----------------------------  -----  ---------  --------  ----------  --------------  -------------------
/opt/airflow/dags/elt_dag.py                           1           0  0.20s           2026-01-13T23:10:23
================================================================================
[2026-01-13T23:11:19.276+0000] {manager.py:893} INFO - 
================================================================================
DAG File Processing Stats

File Path                     PID    Runtime      # DAGs    # Errors  Last Runtime    Last Run
----------------------------  -----  ---------  --------  ----------  --------------  -------------------
/opt/airflow/dags/elt_dag.py                           1           0  0.20s           2026-01-13T23:10:54
================================================================================
[2026-01-13T23:11:49.705+0000] {manager.py:893} INFO - 
================================================================================
DAG File Processing Stats

File Path                     PID    Runtime      # DAGs    # Errors  Last Runtime    Last Run
----------------------------  -----  ---------  --------  ----------  --------------  -------------------
/opt/airflow/dags/elt_dag.py                           1           0  0.17s           2026-01-13T23:11:24
================================================================================
[2026-01-13T23:12:20.211+0000] {manager.py:893} INFO - 
================================================================================
DAG File Processing Stats

File Path                     PID    Runtime      # DAGs    # Errors  Last Runtime    Last Run
----------------------------  -----  ---------  --------  ----------  --------------  -------------------
/opt/airflow/dags/elt_dag.py                           1           0  0.17s           2026-01-13T23:11:54
================================================================================
[2026-01-13T23:12:32.461+0000] {manager.py:759} INFO - Searching for files in /opt/airflow/dags
[2026-01-13T23:12:32.472+0000] {manager.py:762} INFO - There are 1 files in /opt/airflow/dags
[2026-01-13T23:12:50.724+0000] {manager.py:893} INFO - 
================================================================================
DAG File Processing Stats

File Path                     PID    Runtime      # DAGs    # Errors  Last Runtime    Last Run
----------------------------  -----  ---------  --------  ----------  --------------  -------------------
/opt/airflow/dags/elt_dag.py                           1           0  0.18s           2026-01-13T23:12:25
================================================================================
[2026-01-13T23:13:21.193+0000] {manager.py:893} INFO - 
================================================================================
DAG File Processing Stats

File Path                     PID    Runtime      # DAGs    # Errors  Last Runtime    Last Run
----------------------------  -----  ---------  --------  ----------  --------------  -------------------
/opt/airflow/dags/elt_dag.py                           1           0  0.18s           2026-01-13T23:12:55
================================================================================
[2026-01-13T23:13:51.627+0000] {manager.py:893} INFO - 
================================================================================
DAG File Processing Stats

File Path                     PID    Runtime      # DAGs    # Errors  Last Runtime    Last Run
----------------------------  -----  ---------  --------  ----------  --------------  -------------------
/opt/airflow/dags/elt_dag.py                           1           0  0.22s           2026-01-13T23:13:26
================================================================================
[2026-01-13T23:14:22.137+0000] {manager.py:893} INFO - 
================================================================================
DAG File Processing Stats

File Path                     PID    Runtime      # DAGs    # Errors  Last Runtime    Last Run
----------------------------  -----  ---------  --------  ----------  --------------  -------------------
/opt/airflow/dags/elt_dag.py                           1           0  0.19s           2026-01-13T23:13:56
================================================================================
[2026-01-13T23:14:52.612+0000] {manager.py:893} INFO - 
================================================================================
DAG File Processing Stats

File Path                     PID    Runtime      # DAGs    # Errors  Last Runtime    Last Run
----------------------------  -----  ---------  --------  ----------  --------------  -------------------
/opt/airflow/dags/elt_dag.py                           1           0  0.18s           2026-01-13T23:14:27
================================================================================
[2026-01-13T23:15:23.042+0000] {manager.py:893} INFO - 
================================================================================
DAG File Processing Stats

File Path                     PID    Runtime      # DAGs    # Errors  Last Runtime    Last Run
----------------------------  -----  ---------  --------  ----------  --------------  -------------------
/opt/airflow/dags/elt_dag.py                           1           0  0.16s           2026-01-13T23:14:57
================================================================================
[2026-01-13T23:15:53.572+0000] {manager.py:893} INFO - 
================================================================================
DAG File Processing Stats

File Path                     PID    Runtime      # DAGs    # Errors  Last Runtime    Last Run
----------------------------  -----  ---------  --------  ----------  --------------  -------------------
/opt/airflow/dags/elt_dag.py                           1           0  0.17s           2026-01-13T23:15:28
================================================================================
[2026-01-13T23:16:23.994+0000] {manager.py:893} INFO - 
================================================================================
DAG File Processing Stats

File Path                     PID    Runtime      # DAGs    # Errors  Last Runtime    Last Run
----------------------------  -----  ---------  --------  ----------  --------------  -------------------
/opt/airflow/dags/elt_dag.py                           1           0  0.15s           2026-01-13T23:15:58
================================================================================
[2026-01-13T23:16:54.355+0000] {manager.py:893} INFO - 
================================================================================
DAG File Processing Stats

File Path                     PID    Runtime      # DAGs    # Errors  Last Runtime    Last Run
----------------------------  -----  ---------  --------  ----------  --------------  -------------------
/opt/airflow/dags/elt_dag.py                           1           0  0.17s           2026-01-13T23:16:29
================================================================================
[2026-01-13T23:17:24.793+0000] {manager.py:893} INFO - 
================================================================================
DAG File Processing Stats

File Path                     PID    Runtime      # DAGs    # Errors  Last Runtime    Last Run
----------------------------  -----  ---------  --------  ----------  --------------  -------------------
/opt/airflow/dags/elt_dag.py                           1           0  0.15s           2026-01-13T23:16:59
================================================================================
[2026-01-13T23:17:32.953+0000] {manager.py:759} INFO - Searching for files in /opt/airflow/dags
[2026-01-13T23:17:32.962+0000] {manager.py:762} INFO - There are 1 files in /opt/airflow/dags
[2026-01-13T23:17:55.512+0000] {manager.py:893} INFO - 
================================================================================
DAG File Processing Stats

File Path                     PID    Runtime      # DAGs    # Errors  Last Runtime    Last Run
----------------------------  -----  ---------  --------  ----------  --------------  -------------------
/opt/airflow/dags/elt_dag.py                           1           0  0.18s           2026-01-13T23:17:30
================================================================================
[2026-01-13T23:18:25.920+0000] {manager.py:893} INFO - 
================================================================================
DAG File Processing Stats

File Path                     PID    Runtime      # DAGs    # Errors  Last Runtime    Last Run
----------------------------  -----  ---------  --------  ----------  --------------  -------------------
/opt/airflow/dags/elt_dag.py                           1           0  0.18s           2026-01-13T23:18:00
================================================================================
[2026-01-13T23:18:56.469+0000] {manager.py:893} INFO - 
================================================================================
DAG File Processing Stats

File Path                     PID    Runtime      # DAGs    # Errors  Last Runtime    Last Run
----------------------------  -----  ---------  --------  ----------  --------------  -------------------
/opt/airflow/dags/elt_dag.py                           1           0  0.18s           2026-01-13T23:18:31
================================================================================
[2026-01-13T23:19:26.925+0000] {manager.py:893} INFO - 
================================================================================
DAG File Processing Stats

File Path                     PID    Runtime      # DAGs    # Errors  Last Runtime    Last Run
----------------------------  -----  ---------  --------  ----------  --------------  -------------------
/opt/airflow/dags/elt_dag.py                           1           0  0.19s           2026-01-13T23:19:01
================================================================================
[2026-01-13T23:19:57.435+0000] {manager.py:893} INFO - 
================================================================================
DAG File Processing Stats

File Path                     PID    Runtime      # DAGs    # Errors  Last Runtime    Last Run
----------------------------  -----  ---------  --------  ----------  --------------  -------------------
/opt/airflow/dags/elt_dag.py                           1           0  0.17s           2026-01-13T23:19:32
================================================================================
[2026-01-13T23:20:28.047+0000] {manager.py:893} INFO - 
================================================================================
DAG File Processing Stats

File Path                     PID    Runtime      # DAGs    # Errors  Last Runtime    Last Run
----------------------------  -----  ---------  --------  ----------  --------------  -------------------
/opt/airflow/dags/elt_dag.py                           1           0  0.20s           2026-01-13T23:20:02
================================================================================
[2026-01-13T23:20:58.667+0000] {manager.py:893} INFO - 
================================================================================
DAG File Processing Stats

File Path                     PID    Runtime      # DAGs    # Errors  Last Runtime    Last Run
----------------------------  -----  ---------  --------  ----------  --------------  -------------------
/opt/airflow/dags/elt_dag.py                           1           0  0.30s           2026-01-13T23:20:33
================================================================================
[2026-01-13T23:21:29.097+0000] {manager.py:893} INFO - 
================================================================================
DAG File Processing Stats

File Path                     PID    Runtime      # DAGs    # Errors  Last Runtime    Last Run
----------------------------  -----  ---------  --------  ----------  --------------  -------------------
/opt/airflow/dags/elt_dag.py                           1           0  0.24s           2026-01-13T23:21:03
================================================================================
[2026-01-13T23:21:59.709+0000] {manager.py:893} INFO - 
================================================================================
DAG File Processing Stats

File Path                     PID    Runtime      # DAGs    # Errors  Last Runtime    Last Run
----------------------------  -----  ---------  --------  ----------  --------------  -------------------
/opt/airflow/dags/elt_dag.py                           1           0  0.19s           2026-01-13T23:21:34
================================================================================
[2026-01-13T23:22:30.233+0000] {manager.py:893} INFO - 
================================================================================
DAG File Processing Stats

File Path                     PID    Runtime      # DAGs    # Errors  Last Runtime    Last Run
----------------------------  -----  ---------  --------  ----------  --------------  -------------------
/opt/airflow/dags/elt_dag.py                           1           0  0.20s           2026-01-13T23:22:05
================================================================================
[2026-01-13T23:22:33.296+0000] {manager.py:759} INFO - Searching for files in /opt/airflow/dags
[2026-01-13T23:22:33.307+0000] {manager.py:762} INFO - There are 1 files in /opt/airflow/dags
[2026-01-13T23:23:00.786+0000] {manager.py:893} INFO - 
================================================================================
DAG File Processing Stats

File Path                     PID    Runtime      # DAGs    # Errors  Last Runtime    Last Run
----------------------------  -----  ---------  --------  ----------  --------------  -------------------
/opt/airflow/dags/elt_dag.py                           1           0  0.15s           2026-01-13T23:22:35
================================================================================
[2026-01-13T23:23:31.314+0000] {manager.py:893} INFO - 
================================================================================
DAG File Processing Stats

File Path                     PID    Runtime      # DAGs    # Errors  Last Runtime    Last Run
----------------------------  -----  ---------  --------  ----------  --------------  -------------------
/opt/airflow/dags/elt_dag.py                           1           0  0.36s           2026-01-13T23:23:06
================================================================================
[2026-01-13T23:24:01.898+0000] {manager.py:893} INFO - 
================================================================================
DAG File Processing Stats

File Path                     PID    Runtime      # DAGs    # Errors  Last Runtime    Last Run
----------------------------  -----  ---------  --------  ----------  --------------  -------------------
/opt/airflow/dags/elt_dag.py                           1           0  0.18s           2026-01-13T23:23:36
================================================================================
[2026-01-13T23:24:32.482+0000] {manager.py:893} INFO - 
================================================================================
DAG File Processing Stats

File Path                     PID    Runtime      # DAGs    # Errors  Last Runtime    Last Run
----------------------------  -----  ---------  --------  ----------  --------------  -------------------
/opt/airflow/dags/elt_dag.py                           1           0  0.21s           2026-01-13T23:24:07
================================================================================
[2026-01-13T23:25:03.008+0000] {manager.py:893} INFO - 
================================================================================
DAG File Processing Stats

File Path                     PID    Runtime      # DAGs    # Errors  Last Runtime    Last Run
----------------------------  -----  ---------  --------  ----------  --------------  -------------------
/opt/airflow/dags/elt_dag.py                           1           0  0.25s           2026-01-13T23:24:37
================================================================================
[2026-01-13T23:25:33.467+0000] {manager.py:893} INFO - 
================================================================================
DAG File Processing Stats

File Path                     PID    Runtime      # DAGs    # Errors  Last Runtime    Last Run
----------------------------  -----  ---------  --------  ----------  --------------  -------------------
/opt/airflow/dags/elt_dag.py                           1           0  0.17s           2026-01-13T23:25:08
================================================================================
[2026-01-13T23:26:04.099+0000] {manager.py:893} INFO - 
================================================================================
DAG File Processing Stats

File Path                     PID    Runtime      # DAGs    # Errors  Last Runtime    Last Run
----------------------------  -----  ---------  --------  ----------  --------------  -------------------
/opt/airflow/dags/elt_dag.py                           1           0  0.14s           2026-01-13T23:25:38
================================================================================
[2026-01-13T23:26:34.860+0000] {manager.py:893} INFO - 
================================================================================
DAG File Processing Stats

File Path                     PID    Runtime      # DAGs    # Errors  Last Runtime    Last Run
----------------------------  -----  ---------  --------  ----------  --------------  -------------------
/opt/airflow/dags/elt_dag.py                           1           0  0.20s           2026-01-13T23:26:09
================================================================================
[2026-01-13T23:27:05.495+0000] {manager.py:893} INFO - 
================================================================================
DAG File Processing Stats

File Path                     PID    Runtime      # DAGs    # Errors  Last Runtime    Last Run
----------------------------  -----  ---------  --------  ----------  --------------  -------------------
/opt/airflow/dags/elt_dag.py                           1           0  0.26s           2026-01-13T23:26:40
================================================================================
[2026-01-13T23:27:34.185+0000] {manager.py:759} INFO - Searching for files in /opt/airflow/dags
[2026-01-13T23:27:34.202+0000] {manager.py:762} INFO - There are 1 files in /opt/airflow/dags
[2026-01-13T23:27:36.257+0000] {manager.py:893} INFO - 
================================================================================
DAG File Processing Stats

File Path                     PID    Runtime      # DAGs    # Errors  Last Runtime    Last Run
----------------------------  -----  ---------  --------  ----------  --------------  -------------------
/opt/airflow/dags/elt_dag.py                           1           0  0.16s           2026-01-13T23:27:10
================================================================================
[2026-01-13T23:28:06.854+0000] {manager.py:893} INFO - 
================================================================================
DAG File Processing Stats

File Path                     PID    Runtime      # DAGs    # Errors  Last Runtime    Last Run
----------------------------  -----  ---------  --------  ----------  --------------  -------------------
/opt/airflow/dags/elt_dag.py                           1           0  0.16s           2026-01-13T23:27:41
================================================================================
[2026-01-13T23:28:37.386+0000] {manager.py:893} INFO - 
================================================================================
DAG File Processing Stats

File Path                     PID    Runtime      # DAGs    # Errors  Last Runtime    Last Run
----------------------------  -----  ---------  --------  ----------  --------------  -------------------
/opt/airflow/dags/elt_dag.py                           1           0  0.19s           2026-01-13T23:28:12
================================================================================
[2026-01-13T23:29:07.887+0000] {manager.py:893} INFO - 
================================================================================
DAG File Processing Stats

File Path                     PID    Runtime      # DAGs    # Errors  Last Runtime    Last Run
----------------------------  -----  ---------  --------  ----------  --------------  -------------------
/opt/airflow/dags/elt_dag.py                           1           0  0.18s           2026-01-13T23:28:42
================================================================================
[2026-01-13T23:29:38.255+0000] {manager.py:893} INFO - 
================================================================================
DAG File Processing Stats

File Path                     PID    Runtime      # DAGs    # Errors  Last Runtime    Last Run
----------------------------  -----  ---------  --------  ----------  --------------  -------------------
/opt/airflow/dags/elt_dag.py                           1           0  0.17s           2026-01-13T23:29:13
================================================================================
[2026-01-13T23:30:08.903+0000] {manager.py:893} INFO - 
================================================================================
DAG File Processing Stats

File Path                     PID    Runtime      # DAGs    # Errors  Last Runtime    Last Run
----------------------------  -----  ---------  --------  ----------  --------------  -------------------
/opt/airflow/dags/elt_dag.py                           1           0  0.16s           2026-01-13T23:29:43
================================================================================
[2026-01-13T23:30:39.496+0000] {manager.py:893} INFO - 
================================================================================
DAG File Processing Stats

File Path                     PID    Runtime      # DAGs    # Errors  Last Runtime    Last Run
----------------------------  -----  ---------  --------  ----------  --------------  -------------------
/opt/airflow/dags/elt_dag.py                           1           0  0.18s           2026-01-13T23:30:14
================================================================================
[2026-01-13T23:31:10.097+0000] {manager.py:893} INFO - 
================================================================================
DAG File Processing Stats

File Path                     PID    Runtime      # DAGs    # Errors  Last Runtime    Last Run
----------------------------  -----  ---------  --------  ----------  --------------  -------------------
/opt/airflow/dags/elt_dag.py                           1           0  0.32s           2026-01-13T23:30:44
================================================================================
[2026-01-13T23:31:40.495+0000] {manager.py:893} INFO - 
================================================================================
DAG File Processing Stats

File Path                     PID    Runtime      # DAGs    # Errors  Last Runtime    Last Run
----------------------------  -----  ---------  --------  ----------  --------------  -------------------
/opt/airflow/dags/elt_dag.py                           1           0  0.20s           2026-01-13T23:31:15
================================================================================
[2026-01-13T23:32:11.020+0000] {manager.py:893} INFO - 
================================================================================
DAG File Processing Stats

File Path                     PID    Runtime      # DAGs    # Errors  Last Runtime    Last Run
----------------------------  -----  ---------  --------  ----------  --------------  -------------------
/opt/airflow/dags/elt_dag.py                           1           0  0.15s           2026-01-13T23:31:45
================================================================================
[2026-01-13T23:32:34.449+0000] {manager.py:759} INFO - Searching for files in /opt/airflow/dags
[2026-01-13T23:32:34.465+0000] {manager.py:762} INFO - There are 1 files in /opt/airflow/dags
[2026-01-13T23:32:41.621+0000] {manager.py:893} INFO - 
================================================================================
DAG File Processing Stats

File Path                     PID    Runtime      # DAGs    # Errors  Last Runtime    Last Run
----------------------------  -----  ---------  --------  ----------  --------------  -------------------
/opt/airflow/dags/elt_dag.py                           1           0  0.15s           2026-01-13T23:32:16
================================================================================
[2026-01-13T23:33:12.144+0000] {manager.py:893} INFO - 
================================================================================
DAG File Processing Stats

File Path                     PID    Runtime      # DAGs    # Errors  Last Runtime    Last Run
----------------------------  -----  ---------  --------  ----------  --------------  -------------------
/opt/airflow/dags/elt_dag.py                           1           0  0.18s           2026-01-13T23:32:46
================================================================================
[2026-01-13T23:33:42.722+0000] {manager.py:893} INFO - 
================================================================================
DAG File Processing Stats

File Path                     PID    Runtime      # DAGs    # Errors  Last Runtime    Last Run
----------------------------  -----  ---------  --------  ----------  --------------  -------------------
/opt/airflow/dags/elt_dag.py                           1           0  0.21s           2026-01-13T23:33:17
================================================================================
[2026-01-13T23:34:13.305+0000] {manager.py:893} INFO - 
================================================================================
DAG File Processing Stats

File Path                     PID    Runtime      # DAGs    # Errors  Last Runtime    Last Run
----------------------------  -----  ---------  --------  ----------  --------------  -------------------
/opt/airflow/dags/elt_dag.py                           1           0  0.19s           2026-01-13T23:33:48
================================================================================
[2026-01-13T23:34:43.809+0000] {manager.py:893} INFO - 
================================================================================
DAG File Processing Stats

File Path                     PID    Runtime      # DAGs    # Errors  Last Runtime    Last Run
----------------------------  -----  ---------  --------  ----------  --------------  -------------------
/opt/airflow/dags/elt_dag.py                           1           0  0.17s           2026-01-13T23:34:18
================================================================================
[2026-01-13T23:35:14.242+0000] {manager.py:893} INFO - 
================================================================================
DAG File Processing Stats

File Path                     PID    Runtime      # DAGs    # Errors  Last Runtime    Last Run
----------------------------  -----  ---------  --------  ----------  --------------  -------------------
/opt/airflow/dags/elt_dag.py                           1           0  0.16s           2026-01-13T23:34:49
================================================================================
[2026-01-13T23:35:44.726+0000] {manager.py:893} INFO - 
================================================================================
DAG File Processing Stats

File Path                     PID    Runtime      # DAGs    # Errors  Last Runtime    Last Run
----------------------------  -----  ---------  --------  ----------  --------------  -------------------
/opt/airflow/dags/elt_dag.py                           1           0  0.16s           2026-01-13T23:35:19
================================================================================
[2026-01-13T23:36:15.305+0000] {manager.py:893} INFO - 
================================================================================
DAG File Processing Stats

File Path                     PID    Runtime      # DAGs    # Errors  Last Runtime    Last Run
----------------------------  -----  ---------  --------  ----------  --------------  -------------------
/opt/airflow/dags/elt_dag.py                           1           0  0.16s           2026-01-13T23:35:49
================================================================================
[2026-01-13T23:36:45.884+0000] {manager.py:893} INFO - 
================================================================================
DAG File Processing Stats

File Path                     PID    Runtime      # DAGs    # Errors  Last Runtime    Last Run
----------------------------  -----  ---------  --------  ----------  --------------  -------------------
/opt/airflow/dags/elt_dag.py                           1           0  0.18s           2026-01-13T23:36:20
================================================================================
[2026-01-13T23:37:16.460+0000] {manager.py:893} INFO - 
================================================================================
DAG File Processing Stats

File Path                     PID    Runtime      # DAGs    # Errors  Last Runtime    Last Run
----------------------------  -----  ---------  --------  ----------  --------------  -------------------
/opt/airflow/dags/elt_dag.py                           1           0  0.16s           2026-01-13T23:36:51
================================================================================
[2026-01-13T23:37:34.941+0000] {manager.py:759} INFO - Searching for files in /opt/airflow/dags
[2026-01-13T23:37:34.986+0000] {manager.py:762} INFO - There are 1 files in /opt/airflow/dags
[2026-01-13T23:37:47.269+0000] {manager.py:893} INFO - 
================================================================================
DAG File Processing Stats

File Path                     PID    Runtime      # DAGs    # Errors  Last Runtime    Last Run
----------------------------  -----  ---------  --------  ----------  --------------  -------------------
/opt/airflow/dags/elt_dag.py                           1           0  0.20s           2026-01-13T23:37:21
================================================================================
[2026-01-13T23:38:17.811+0000] {manager.py:893} INFO - 
================================================================================
DAG File Processing Stats

File Path                     PID    Runtime      # DAGs    # Errors  Last Runtime    Last Run
----------------------------  -----  ---------  --------  ----------  --------------  -------------------
/opt/airflow/dags/elt_dag.py                           1           0  0.23s           2026-01-13T23:37:52
================================================================================
[2026-01-13T23:38:48.381+0000] {manager.py:893} INFO - 
================================================================================
DAG File Processing Stats

File Path                     PID    Runtime      # DAGs    # Errors  Last Runtime    Last Run
----------------------------  -----  ---------  --------  ----------  --------------  -------------------
/opt/airflow/dags/elt_dag.py                           1           0  0.23s           2026-01-13T23:38:23
================================================================================
[2026-01-13T23:39:18.851+0000] {manager.py:893} INFO - 
================================================================================
DAG File Processing Stats

File Path                     PID    Runtime      # DAGs    # Errors  Last Runtime    Last Run
----------------------------  -----  ---------  --------  ----------  --------------  -------------------
/opt/airflow/dags/elt_dag.py                           1           0  0.18s           2026-01-13T23:38:53
================================================================================
