[2026-01-13T22:47:09.008+0000] {taskinstance.py:1157} INFO - Dependencies all met for dep_context=non-requeueable deps ti=<TaskInstance: elt_pipeline.extract_github_data manual__2026-01-13T22:47:03.421015+00:00 [queued]>
[2026-01-13T22:47:09.018+0000] {taskinstance.py:1157} INFO - Dependencies all met for dep_context=requeueable deps ti=<TaskInstance: elt_pipeline.extract_github_data manual__2026-01-13T22:47:03.421015+00:00 [queued]>
[2026-01-13T22:47:09.019+0000] {taskinstance.py:1359} INFO - Starting attempt 1 of 2
[2026-01-13T22:47:09.032+0000] {taskinstance.py:1380} INFO - Executing <Task(BashOperator): extract_github_data> on 2026-01-13 22:47:03.421015+00:00
[2026-01-13T22:47:09.049+0000] {standard_task_runner.py:57} INFO - Started process 208 to run task
[2026-01-13T22:47:09.099+0000] {standard_task_runner.py:84} INFO - Running: ['***', 'tasks', 'run', 'elt_pipeline', 'extract_github_data', 'manual__2026-01-13T22:47:03.421015+00:00', '--job-id', '2', '--raw', '--subdir', 'DAGS_FOLDER/elt_dag.py', '--cfg-path', '/tmp/tmp4ent06a3']
[2026-01-13T22:47:09.155+0000] {standard_task_runner.py:85} INFO - Job 2: Subtask extract_github_data
[2026-01-13T22:47:09.969+0000] {task_command.py:415} INFO - Running <TaskInstance: elt_pipeline.extract_github_data manual__2026-01-13T22:47:03.421015+00:00 [running]> on host a0b15e5a7c08
[2026-01-13T22:47:10.500+0000] {taskinstance.py:1660} INFO - Exporting env vars: AIRFLOW_CTX_DAG_OWNER='***' AIRFLOW_CTX_DAG_ID='elt_pipeline' AIRFLOW_CTX_TASK_ID='extract_github_data' AIRFLOW_CTX_EXECUTION_DATE='2026-01-13T22:47:03.421015+00:00' AIRFLOW_CTX_TRY_NUMBER='1' AIRFLOW_CTX_DAG_RUN_ID='manual__2026-01-13T22:47:03.421015+00:00'
[2026-01-13T22:47:10.521+0000] {subprocess.py:63} INFO - Tmp dir root location: /tmp
[2026-01-13T22:47:10.530+0000] {subprocess.py:75} INFO - Running command: ['/bin/bash', '-c', 'cd /opt/*** && export $(cat .env | xargs) && python src/extract.py']
[2026-01-13T22:47:10.590+0000] {subprocess.py:86} INFO - Output:
[2026-01-13T22:47:29.762+0000] {subprocess.py:93} INFO - Fetching page 1...
[2026-01-13T22:47:29.796+0000] {subprocess.py:93} INFO - Fetching page 2...
[2026-01-13T22:47:29.796+0000] {subprocess.py:93} INFO - Fetching page 3...
[2026-01-13T22:47:29.796+0000] {subprocess.py:93} INFO - Fetching page 4...
[2026-01-13T22:47:29.796+0000] {subprocess.py:93} INFO - Fetching page 5...
[2026-01-13T22:47:29.797+0000] {subprocess.py:93} INFO - Success! Uploaded commits_20260113.json to S3.
[2026-01-13T22:47:29.864+0000] {subprocess.py:97} INFO - Command exited with return code 0
[2026-01-13T22:47:30.160+0000] {taskinstance.py:1398} INFO - Marking task as SUCCESS. dag_id=elt_pipeline, task_id=extract_github_data, execution_date=20260113T224703, start_date=20260113T224709, end_date=20260113T224730
[2026-01-13T22:47:30.305+0000] {local_task_job_runner.py:228} INFO - Task exited with return code 0
[2026-01-13T22:47:30.437+0000] {taskinstance.py:2776} INFO - 1 downstream tasks scheduled from follow-on schedule check
