[2026-01-13T22:47:08.963+0000] {taskinstance.py:1157} INFO - Dependencies all met for dep_context=non-requeueable deps ti=<TaskInstance: elt_pipeline.extract_github_data scheduled__2026-01-12T00:00:00+00:00 [queued]>
[2026-01-13T22:47:08.972+0000] {taskinstance.py:1157} INFO - Dependencies all met for dep_context=requeueable deps ti=<TaskInstance: elt_pipeline.extract_github_data scheduled__2026-01-12T00:00:00+00:00 [queued]>
[2026-01-13T22:47:08.972+0000] {taskinstance.py:1359} INFO - Starting attempt 1 of 2
[2026-01-13T22:47:08.979+0000] {taskinstance.py:1380} INFO - Executing <Task(BashOperator): extract_github_data> on 2026-01-12 00:00:00+00:00
[2026-01-13T22:47:09.011+0000] {standard_task_runner.py:57} INFO - Started process 207 to run task
[2026-01-13T22:47:09.087+0000] {standard_task_runner.py:84} INFO - Running: ['***', 'tasks', 'run', 'elt_pipeline', 'extract_github_data', 'scheduled__2026-01-12T00:00:00+00:00', '--job-id', '3', '--raw', '--subdir', 'DAGS_FOLDER/elt_dag.py', '--cfg-path', '/tmp/tmpud2s9f0l']
[2026-01-13T22:47:09.147+0000] {standard_task_runner.py:85} INFO - Job 3: Subtask extract_github_data
[2026-01-13T22:47:09.846+0000] {task_command.py:415} INFO - Running <TaskInstance: elt_pipeline.extract_github_data scheduled__2026-01-12T00:00:00+00:00 [running]> on host a0b15e5a7c08
[2026-01-13T22:47:10.534+0000] {taskinstance.py:1660} INFO - Exporting env vars: AIRFLOW_CTX_DAG_OWNER='***' AIRFLOW_CTX_DAG_ID='elt_pipeline' AIRFLOW_CTX_TASK_ID='extract_github_data' AIRFLOW_CTX_EXECUTION_DATE='2026-01-12T00:00:00+00:00' AIRFLOW_CTX_TRY_NUMBER='1' AIRFLOW_CTX_DAG_RUN_ID='scheduled__2026-01-12T00:00:00+00:00'
[2026-01-13T22:47:10.539+0000] {subprocess.py:63} INFO - Tmp dir root location: /tmp
[2026-01-13T22:47:10.543+0000] {subprocess.py:75} INFO - Running command: ['/bin/bash', '-c', 'cd /opt/*** && export $(cat .env | xargs) && python src/extract.py']
[2026-01-13T22:47:10.590+0000] {subprocess.py:86} INFO - Output:
[2026-01-13T22:47:26.169+0000] {subprocess.py:93} INFO - Fetching page 1...
[2026-01-13T22:47:26.249+0000] {subprocess.py:93} INFO - Fetching page 2...
[2026-01-13T22:47:26.249+0000] {subprocess.py:93} INFO - Fetching page 3...
[2026-01-13T22:47:26.249+0000] {subprocess.py:93} INFO - Fetching page 4...
[2026-01-13T22:47:26.250+0000] {subprocess.py:93} INFO - Fetching page 5...
[2026-01-13T22:47:26.250+0000] {subprocess.py:93} INFO - Success! Uploaded commits_20260113.json to S3.
[2026-01-13T22:47:26.320+0000] {subprocess.py:97} INFO - Command exited with return code 0
[2026-01-13T22:47:26.625+0000] {taskinstance.py:1398} INFO - Marking task as SUCCESS. dag_id=elt_pipeline, task_id=extract_github_data, execution_date=20260112T000000, start_date=20260113T224708, end_date=20260113T224726
[2026-01-13T22:47:26.820+0000] {local_task_job_runner.py:228} INFO - Task exited with return code 0
[2026-01-13T22:47:26.959+0000] {taskinstance.py:2776} INFO - 1 downstream tasks scheduled from follow-on schedule check
[2026-01-13T22:53:19.729+0000] {taskinstance.py:1157} INFO - Dependencies all met for dep_context=non-requeueable deps ti=<TaskInstance: elt_pipeline.extract_github_data scheduled__2026-01-12T00:00:00+00:00 [queued]>
[2026-01-13T22:53:19.739+0000] {taskinstance.py:1157} INFO - Dependencies all met for dep_context=requeueable deps ti=<TaskInstance: elt_pipeline.extract_github_data scheduled__2026-01-12T00:00:00+00:00 [queued]>
[2026-01-13T22:53:19.739+0000] {taskinstance.py:1359} INFO - Starting attempt 1 of 2
[2026-01-13T22:53:19.746+0000] {taskinstance.py:1380} INFO - Executing <Task(BashOperator): extract_github_data> on 2026-01-12 00:00:00+00:00
[2026-01-13T22:53:19.751+0000] {standard_task_runner.py:57} INFO - Started process 211 to run task
[2026-01-13T22:53:19.755+0000] {standard_task_runner.py:84} INFO - Running: ['***', 'tasks', 'run', 'elt_pipeline', 'extract_github_data', 'scheduled__2026-01-12T00:00:00+00:00', '--job-id', '2', '--raw', '--subdir', 'DAGS_FOLDER/elt_dag.py', '--cfg-path', '/tmp/tmprxomkq1v']
[2026-01-13T22:53:19.770+0000] {standard_task_runner.py:85} INFO - Job 2: Subtask extract_github_data
[2026-01-13T22:53:19.921+0000] {task_command.py:415} INFO - Running <TaskInstance: elt_pipeline.extract_github_data scheduled__2026-01-12T00:00:00+00:00 [running]> on host 07de0157d9c2
[2026-01-13T22:53:20.008+0000] {taskinstance.py:1660} INFO - Exporting env vars: AIRFLOW_CTX_DAG_OWNER='***' AIRFLOW_CTX_DAG_ID='elt_pipeline' AIRFLOW_CTX_TASK_ID='extract_github_data' AIRFLOW_CTX_EXECUTION_DATE='2026-01-12T00:00:00+00:00' AIRFLOW_CTX_TRY_NUMBER='1' AIRFLOW_CTX_DAG_RUN_ID='scheduled__2026-01-12T00:00:00+00:00'
[2026-01-13T22:53:20.011+0000] {subprocess.py:63} INFO - Tmp dir root location: /tmp
[2026-01-13T22:53:20.013+0000] {subprocess.py:75} INFO - Running command: ['/bin/bash', '-c', 'cd /opt/*** && export $(cat .env | xargs) && python src/extract.py']
[2026-01-13T22:53:20.029+0000] {subprocess.py:86} INFO - Output:
[2026-01-13T22:53:23.899+0000] {subprocess.py:93} INFO - Fetching page 1...
[2026-01-13T22:53:23.908+0000] {subprocess.py:93} INFO - Fetching page 2...
[2026-01-13T22:53:23.909+0000] {subprocess.py:93} INFO - Fetching page 3...
[2026-01-13T22:53:23.910+0000] {subprocess.py:93} INFO - Fetching page 4...
[2026-01-13T22:53:23.910+0000] {subprocess.py:93} INFO - Fetching page 5...
[2026-01-13T22:53:23.910+0000] {subprocess.py:93} INFO - Success! Uploaded commits_20260113.json to S3.
[2026-01-13T22:53:23.973+0000] {subprocess.py:97} INFO - Command exited with return code 0
[2026-01-13T22:53:24.008+0000] {taskinstance.py:1398} INFO - Marking task as SUCCESS. dag_id=elt_pipeline, task_id=extract_github_data, execution_date=20260112T000000, start_date=20260113T225319, end_date=20260113T225324
[2026-01-13T22:53:24.028+0000] {local_task_job_runner.py:228} INFO - Task exited with return code 0
[2026-01-13T22:53:24.053+0000] {taskinstance.py:2776} INFO - 1 downstream tasks scheduled from follow-on schedule check
