[2026-01-13T22:53:24.717+0000] {taskinstance.py:1157} INFO - Dependencies all met for dep_context=non-requeueable deps ti=<TaskInstance: elt_pipeline.dbt_transform manual__2026-01-13T22:53:17.250133+00:00 [queued]>
[2026-01-13T22:53:24.721+0000] {taskinstance.py:1157} INFO - Dependencies all met for dep_context=requeueable deps ti=<TaskInstance: elt_pipeline.dbt_transform manual__2026-01-13T22:53:17.250133+00:00 [queued]>
[2026-01-13T22:53:24.722+0000] {taskinstance.py:1359} INFO - Starting attempt 1 of 2
[2026-01-13T22:53:24.730+0000] {taskinstance.py:1380} INFO - Executing <Task(BashOperator): dbt_transform> on 2026-01-13 22:53:17.250133+00:00
[2026-01-13T22:53:24.734+0000] {standard_task_runner.py:57} INFO - Started process 226 to run task
[2026-01-13T22:53:24.735+0000] {standard_task_runner.py:84} INFO - Running: ['***', 'tasks', 'run', 'elt_pipeline', 'dbt_transform', 'manual__2026-01-13T22:53:17.250133+00:00', '--job-id', '5', '--raw', '--subdir', 'DAGS_FOLDER/elt_dag.py', '--cfg-path', '/tmp/tmpryjri0e1']
[2026-01-13T22:53:24.737+0000] {standard_task_runner.py:85} INFO - Job 5: Subtask dbt_transform
[2026-01-13T22:53:24.765+0000] {task_command.py:415} INFO - Running <TaskInstance: elt_pipeline.dbt_transform manual__2026-01-13T22:53:17.250133+00:00 [running]> on host 07de0157d9c2
[2026-01-13T22:53:24.801+0000] {taskinstance.py:1660} INFO - Exporting env vars: AIRFLOW_CTX_DAG_OWNER='***' AIRFLOW_CTX_DAG_ID='elt_pipeline' AIRFLOW_CTX_TASK_ID='dbt_transform' AIRFLOW_CTX_EXECUTION_DATE='2026-01-13T22:53:17.250133+00:00' AIRFLOW_CTX_TRY_NUMBER='1' AIRFLOW_CTX_DAG_RUN_ID='manual__2026-01-13T22:53:17.250133+00:00'
[2026-01-13T22:53:24.802+0000] {subprocess.py:63} INFO - Tmp dir root location: /tmp
[2026-01-13T22:53:24.805+0000] {subprocess.py:75} INFO - Running command: ['/bin/bash', '-c', 'cd /opt/***/dbt && dbt run --profiles-dir /opt/***/.dbt']
[2026-01-13T22:53:24.812+0000] {subprocess.py:86} INFO - Output:
[2026-01-13T22:53:27.907+0000] {subprocess.py:93} INFO - [0m22:53:27  Running with dbt=1.8.7
[2026-01-13T22:53:30.303+0000] {subprocess.py:93} INFO - [0m22:53:30  Registered adapter: snowflake=1.8.4
[2026-01-13T22:53:30.547+0000] {subprocess.py:93} INFO - [0m22:53:30  Unable to do partial parsing because of a version mismatch
[2026-01-13T22:53:31.315+0000] {subprocess.py:93} INFO - [0m22:53:31  [[33mWARNING[0m]: Deprecated functionality
[2026-01-13T22:53:31.315+0000] {subprocess.py:93} INFO - The `tests` config has been renamed to `data_tests`. Please see
[2026-01-13T22:53:31.315+0000] {subprocess.py:93} INFO - https://docs.getdbt.com/docs/build/data-tests#new-data_tests-syntax for more
[2026-01-13T22:53:31.316+0000] {subprocess.py:93} INFO - information.
[2026-01-13T22:53:31.468+0000] {subprocess.py:93} INFO - [0m22:53:31  [[33mWARNING[0m]: Configuration paths exist in your dbt_project.yml file which do not apply to any resources.
[2026-01-13T22:53:31.468+0000] {subprocess.py:93} INFO - There are 1 unused configuration paths:
[2026-01-13T22:53:31.468+0000] {subprocess.py:93} INFO - - models.my_pipeline.example
[2026-01-13T22:53:31.688+0000] {subprocess.py:93} INFO - [0m22:53:31  Found 2 models, 3 data tests, 1 source, 454 macros
[2026-01-13T22:53:31.702+0000] {subprocess.py:93} INFO - [0m22:53:31
[2026-01-13T22:53:37.127+0000] {subprocess.py:93} INFO - [0m22:53:37  Concurrency: 1 threads (target='dev')
[2026-01-13T22:53:37.130+0000] {subprocess.py:93} INFO - [0m22:53:37
[2026-01-13T22:53:37.145+0000] {subprocess.py:93} INFO - [0m22:53:37  1 of 2 START sql view model ANALYTICS.stg_commits .............................. [RUN]
[2026-01-13T22:53:38.225+0000] {subprocess.py:93} INFO - [0m22:53:38  1 of 2 OK created sql view model ANALYTICS.stg_commits ......................... [[32mSUCCESS 1[0m in 1.07s]
[2026-01-13T22:53:38.231+0000] {subprocess.py:93} INFO - [0m22:53:38  2 of 2 START sql table model ANALYTICS.fact_commits ............................ [RUN]
[2026-01-13T22:53:40.579+0000] {subprocess.py:93} INFO - [0m22:53:40  2 of 2 OK created sql table model ANALYTICS.fact_commits ....................... [[32mSUCCESS 1[0m in 2.34s]
[2026-01-13T22:53:40.588+0000] {subprocess.py:93} INFO - [0m22:53:40
[2026-01-13T22:53:40.589+0000] {subprocess.py:93} INFO - [0m22:53:40  Finished running 1 view model, 1 table model in 0 hours 0 minutes and 8.89 seconds (8.89s).
[2026-01-13T22:53:40.644+0000] {subprocess.py:93} INFO - [0m22:53:40
[2026-01-13T22:53:40.645+0000] {subprocess.py:93} INFO - [0m22:53:40  [32mCompleted successfully[0m
[2026-01-13T22:53:40.645+0000] {subprocess.py:93} INFO - [0m22:53:40
[2026-01-13T22:53:40.645+0000] {subprocess.py:93} INFO - [0m22:53:40  Done. PASS=2 WARN=0 ERROR=0 SKIP=0 TOTAL=2
[2026-01-13T22:53:41.463+0000] {subprocess.py:97} INFO - Command exited with return code 0
[2026-01-13T22:53:41.501+0000] {taskinstance.py:1398} INFO - Marking task as SUCCESS. dag_id=elt_pipeline, task_id=dbt_transform, execution_date=20260113T225317, start_date=20260113T225324, end_date=20260113T225341
[2026-01-13T22:53:41.543+0000] {local_task_job_runner.py:228} INFO - Task exited with return code 0
[2026-01-13T22:53:41.565+0000] {taskinstance.py:2776} INFO - 1 downstream tasks scheduled from follow-on schedule check
