[2026-01-13T22:47:31.990+0000] {taskinstance.py:1157} INFO - Dependencies all met for dep_context=non-requeueable deps ti=<TaskInstance: elt_pipeline.dbt_transform manual__2026-01-13T22:47:03.421015+00:00 [queued]>
[2026-01-13T22:47:31.997+0000] {taskinstance.py:1157} INFO - Dependencies all met for dep_context=requeueable deps ti=<TaskInstance: elt_pipeline.dbt_transform manual__2026-01-13T22:47:03.421015+00:00 [queued]>
[2026-01-13T22:47:31.997+0000] {taskinstance.py:1359} INFO - Starting attempt 1 of 2
[2026-01-13T22:47:32.007+0000] {taskinstance.py:1380} INFO - Executing <Task(BashOperator): dbt_transform> on 2026-01-13 22:47:03.421015+00:00
[2026-01-13T22:47:32.030+0000] {standard_task_runner.py:57} INFO - Started process 231 to run task
[2026-01-13T22:47:32.041+0000] {standard_task_runner.py:84} INFO - Running: ['***', 'tasks', 'run', 'elt_pipeline', 'dbt_transform', 'manual__2026-01-13T22:47:03.421015+00:00', '--job-id', '5', '--raw', '--subdir', 'DAGS_FOLDER/elt_dag.py', '--cfg-path', '/tmp/tmpshx71fej']
[2026-01-13T22:47:32.057+0000] {standard_task_runner.py:85} INFO - Job 5: Subtask dbt_transform
[2026-01-13T22:47:32.142+0000] {task_command.py:415} INFO - Running <TaskInstance: elt_pipeline.dbt_transform manual__2026-01-13T22:47:03.421015+00:00 [running]> on host a0b15e5a7c08
[2026-01-13T22:47:32.249+0000] {taskinstance.py:1660} INFO - Exporting env vars: AIRFLOW_CTX_DAG_OWNER='***' AIRFLOW_CTX_DAG_ID='elt_pipeline' AIRFLOW_CTX_TASK_ID='dbt_transform' AIRFLOW_CTX_EXECUTION_DATE='2026-01-13T22:47:03.421015+00:00' AIRFLOW_CTX_TRY_NUMBER='1' AIRFLOW_CTX_DAG_RUN_ID='manual__2026-01-13T22:47:03.421015+00:00'
[2026-01-13T22:47:32.253+0000] {subprocess.py:63} INFO - Tmp dir root location: /tmp
[2026-01-13T22:47:32.255+0000] {subprocess.py:75} INFO - Running command: ['/bin/bash', '-c', 'cd /opt/***/dbt && dbt run --profiles-dir /opt/***/.dbt']
[2026-01-13T22:47:32.270+0000] {subprocess.py:86} INFO - Output:
[2026-01-13T22:47:34.947+0000] {subprocess.py:93} INFO - [0m22:47:34  Running with dbt=1.8.7
[2026-01-13T22:47:34.953+0000] {subprocess.py:93} INFO - [0m22:47:34  Encountered an error:
[2026-01-13T22:47:34.953+0000] {subprocess.py:93} INFO - Runtime Error
[2026-01-13T22:47:34.954+0000] {subprocess.py:93} INFO -   No dbt_project.yml found at expected path /opt/***/dbt/dbt_project.yml
[2026-01-13T22:47:34.955+0000] {subprocess.py:93} INFO -   Verify that each entry within packages.yml (and their transitive dependencies) contains a file named dbt_project.yml
[2026-01-13T22:47:34.955+0000] {subprocess.py:93} INFO - 
[2026-01-13T22:47:35.511+0000] {subprocess.py:97} INFO - Command exited with return code 2
[2026-01-13T22:47:35.544+0000] {taskinstance.py:1935} ERROR - Task failed with exception
Traceback (most recent call last):
  File "/home/airflow/.local/lib/python3.8/site-packages/airflow/operators/bash.py", line 210, in execute
    raise AirflowException(
airflow.exceptions.AirflowException: Bash command failed. The command returned a non-zero exit code 2.
[2026-01-13T22:47:35.549+0000] {taskinstance.py:1398} INFO - Marking task as UP_FOR_RETRY. dag_id=elt_pipeline, task_id=dbt_transform, execution_date=20260113T224703, start_date=20260113T224731, end_date=20260113T224735
[2026-01-13T22:47:35.560+0000] {standard_task_runner.py:104} ERROR - Failed to execute job 5 for task dbt_transform (Bash command failed. The command returned a non-zero exit code 2.; 231)
[2026-01-13T22:47:35.591+0000] {local_task_job_runner.py:228} INFO - Task exited with return code 1
[2026-01-13T22:47:35.631+0000] {taskinstance.py:2776} INFO - 0 downstream tasks scheduled from follow-on schedule check
